<?xml version="1.0" encoding="UTF-8"?>
<!-- Generated by org.testng.reporters.JUnitReportReporter -->
<testsuite hostname="DESKTOP-E7QUSP4" failures="0" tests="1" name="abc.A" time="40.455" errors="0" timestamp="2024-01-30T23:13:54 IST" skipped="0">
  <testcase classname="abc.A" name="updateResume" time="40.455"/>
  <system-out/>
</testsuite> <!-- abc.A -->
