<?xml version="1.0" encoding="UTF-8"?>
<!-- Generated by org.testng.reporters.JUnitReportReporter -->
<testsuite hostname="DESKTOP-E7QUSP4" failures="0" tests="1" name="abc.A" time="46.087" errors="0" timestamp="2024-02-28T14:16:17 IST" skipped="0">
  <testcase classname="abc.A" name="updateResume" time="46.087"/>
  <system-out/>
</testsuite> <!-- abc.A -->
