<?xml version="1.0" encoding="UTF-8"?>
<!-- Generated by org.testng.reporters.JUnitReportReporter -->
<testsuite hostname="DESKTOP-E7QUSP4" failures="0" tests="1" name="abc.A" time="49.355" errors="0" timestamp="2024-02-11T21:53:11 IST" skipped="0">
  <testcase classname="abc.A" name="updateResume" time="49.355"/>
</testsuite> <!-- abc.A -->
