<?xml version="1.0" encoding="UTF-8"?>
<!-- Generated by org.testng.reporters.JUnitReportReporter -->
<testsuite hostname="DESKTOP-E7QUSP4" failures="0" tests="1" name="abc.A" time="46.503" errors="0" timestamp="2024-02-27T12:22:24 IST" skipped="0">
  <testcase classname="abc.A" name="updateResume" time="46.503"/>
</testsuite> <!-- abc.A -->
